2025-06-11 16:32:56,795 - INFO - === CORRECTED OBÝVAK THERMAL ANALYSIS ===
2025-06-11 16:32:56,840 - INFO - Loaded obývak room data: 246 records
2025-06-11 16:32:56,840 - INFO - Time range: 2025-01-19 23:05:00+00:00 to 2025-01-22 22:15:00+00:00
2025-06-11 16:32:56,849 - INFO - Loaded outdoor data: 864 records
2025-06-11 16:32:56,854 - INFO - Loaded relay data: 19 records
2025-06-11 16:32:56,855 - INFO - 
=== ACTUAL RELAY TIMING ===
2025-06-11 16:32:56,856 - INFO -  1. 2025-01-19 23:05:00+00:00 - ON
2025-06-11 16:32:56,857 - INFO -  2. 2025-01-19 23:35:00+00:00 - OFF
2025-06-11 16:32:56,857 - INFO -  3. 2025-01-20 02:05:00+00:00 - ON
2025-06-11 16:32:56,857 - INFO -  4. 2025-01-20 06:05:00+00:00 - OFF
2025-06-11 16:32:56,857 - INFO -  5. 2025-01-20 11:45:00+00:00 - ON
2025-06-11 16:32:56,858 - INFO -  6. 2025-01-20 14:05:00+00:00 - OFF
2025-06-11 16:32:56,858 - INFO -  7. 2025-01-20 19:25:00+00:00 - ON
2025-06-11 16:32:56,858 - INFO -  8. 2025-01-20 20:40:00+00:00 - OFF
2025-06-11 16:32:56,858 - INFO -  9. 2025-01-21 02:45:00+00:00 - ON
2025-06-11 16:32:56,858 - INFO - 10. 2025-01-21 06:25:00+00:00 - OFF
2025-06-11 16:32:56,858 - INFO - 11. 2025-01-21 11:55:00+00:00 - ON
2025-06-11 16:32:56,859 - INFO - 12. 2025-01-21 13:50:00+00:00 - OFF
2025-06-11 16:32:56,859 - INFO - 13. 2025-01-21 14:00:00+00:00 - ON
2025-06-11 16:32:56,859 - INFO - 14. 2025-01-21 14:05:00+00:00 - OFF
2025-06-11 16:32:56,859 - INFO - 15. 2025-01-21 21:05:00+00:00 - OFF
2025-06-11 16:32:56,859 - INFO - 16. 2025-01-22 01:40:00+00:00 - ON
2025-06-11 16:32:56,859 - INFO - 17. 2025-01-22 05:05:00+00:00 - OFF
2025-06-11 16:32:56,860 - INFO - 18. 2025-01-22 19:05:00+00:00 - ON
2025-06-11 16:32:56,860 - INFO - 19. 2025-01-22 22:10:00+00:00 - OFF
2025-06-11 16:32:56,860 - INFO - 
=== IDENTIFIED 9 COMPLETE HEATING CYCLES ===
2025-06-11 16:32:56,860 - INFO - 
CYCLE 1: 2025-01-19 23:05:00+00:00 to 2025-01-19 23:35:00+00:00
2025-06-11 16:32:56,860 - INFO - Duration: 0.5 hours
2025-06-11 16:32:56,863 - WARNING - Insufficient temperature data during heating: 0 points
2025-06-11 16:32:56,863 - INFO - Decay period: 2025-01-19 23:35:00+00:00 to 2025-01-20 02:05:00+00:00 (next heating cycle)
2025-06-11 16:32:56,868 - INFO - Decay duration: 2.5 hours
2025-06-11 16:32:56,868 - INFO - Total decay data points: 6
2025-06-11 16:32:56,868 - INFO - Valid decay data points: 4
2025-06-11 16:32:56,868 - WARNING - Cycle 1: ❌ REJECTED - insufficient_data (4 < 5 points)
2025-06-11 16:32:56,869 - INFO - 
CYCLE 2: 2025-01-20 02:05:00+00:00 to 2025-01-20 06:05:00+00:00
2025-06-11 16:32:56,869 - INFO - Duration: 4.0 hours
2025-06-11 16:32:56,871 - INFO - Temperature rise: 21.9°C → 22.7°C (Δ0.82°C)
2025-06-11 16:32:56,871 - INFO - Valid temperature data points during heating: 12
2025-06-11 16:32:56,872 - INFO - Decay period: 2025-01-20 06:05:00+00:00 to 2025-01-20 11:45:00+00:00 (next heating cycle)
2025-06-11 16:32:56,876 - INFO - Decay duration: 5.7 hours
2025-06-11 16:32:56,876 - INFO - Total decay data points: 21
2025-06-11 16:32:56,876 - INFO - Valid decay data points: 21
2025-06-11 16:32:56,876 - INFO - Decay magnitude: 0.00°C (22.7 → 22.7)
2025-06-11 16:32:57,102 - INFO - ΔT range: 23.9 to 25.2°C
2025-06-11 16:32:57,107 - INFO - Exponential fit: τ = 105.1h, ΔT₀ = 25.5°C, R² = 0.809
2025-06-11 16:32:57,107 - WARNING - Cycle 2: ❌ REJECTED - insufficient_decay_magnitude (0.00°C < 0.3°C)
2025-06-11 16:32:57,107 - INFO - 
CYCLE 3: 2025-01-20 11:45:00+00:00 to 2025-01-20 14:05:00+00:00
2025-06-11 16:32:57,107 - INFO - Duration: 2.3 hours
2025-06-11 16:32:57,109 - INFO - Temperature rise: 22.6°C → 23.0°C (Δ0.40°C)
2025-06-11 16:32:57,109 - INFO - Valid temperature data points during heating: 10
2025-06-11 16:32:57,109 - INFO - Decay period: 2025-01-20 14:05:00+00:00 to 2025-01-20 19:25:00+00:00 (next heating cycle)
2025-06-11 16:32:57,112 - INFO - Decay duration: 5.3 hours
2025-06-11 16:32:57,112 - INFO - Total decay data points: 18
2025-06-11 16:32:57,112 - INFO - Valid decay data points: 18
2025-06-11 16:32:57,112 - INFO - Decay magnitude: 0.40°C (23.0 → 22.6)
2025-06-11 16:32:57,113 - INFO - ΔT range: 24.5 to 25.2°C
2025-06-11 16:32:57,118 - INFO - Exponential fit: τ = 200.0h, ΔT₀ = 25.2°C, R² = -1.947
2025-06-11 16:32:57,118 - WARNING - Cycle 3: ❌ REJECTED - poor_fit_quality (R² = -1.947 < 0.2)
2025-06-11 16:32:57,118 - INFO - 
CYCLE 4: 2025-01-20 19:25:00+00:00 to 2025-01-20 20:40:00+00:00
2025-06-11 16:32:57,118 - INFO - Duration: 1.2 hours
2025-06-11 16:32:57,120 - INFO - Temperature rise: 22.6°C → 22.7°C (Δ0.06°C)
2025-06-11 16:32:57,120 - INFO - Valid temperature data points during heating: 4
2025-06-11 16:32:57,120 - INFO - Decay period: 2025-01-20 20:40:00+00:00 to 2025-01-21 02:45:00+00:00 (next heating cycle)
2025-06-11 16:32:57,122 - INFO - Decay duration: 6.1 hours
2025-06-11 16:32:57,122 - INFO - Total decay data points: 14
2025-06-11 16:32:57,123 - INFO - Valid decay data points: 14
2025-06-11 16:32:57,123 - INFO - Decay magnitude: 0.66°C (22.7 → 22.0)
2025-06-11 16:32:57,123 - INFO - ΔT range: 24.3 to 25.2°C
2025-06-11 16:32:57,129 - INFO - Exponential fit: τ = 185.8h, ΔT₀ = 25.2°C, R² = 0.791
2025-06-11 16:32:57,129 - INFO - Cycle 4: ✅ WOULD BE ACCEPTED with relaxed criteria!
2025-06-11 16:32:57,129 - INFO - 
CYCLE 5: 2025-01-21 02:45:00+00:00 to 2025-01-21 06:25:00+00:00
2025-06-11 16:32:57,129 - INFO - Duration: 3.7 hours
2025-06-11 16:32:57,131 - INFO - Temperature rise: 22.0°C → 23.0°C (Δ0.98°C)
2025-06-11 16:32:57,131 - INFO - Valid temperature data points during heating: 15
2025-06-11 16:32:57,131 - INFO - Decay period: 2025-01-21 06:25:00+00:00 to 2025-01-21 11:55:00+00:00 (next heating cycle)
2025-06-11 16:32:57,134 - INFO - Decay duration: 5.5 hours
2025-06-11 16:32:57,134 - INFO - Total decay data points: 19
2025-06-11 16:32:57,134 - INFO - Valid decay data points: 19
2025-06-11 16:32:57,134 - INFO - Decay magnitude: 0.40°C (23.0 → 22.6)
2025-06-11 16:32:57,135 - INFO - ΔT range: 24.8 to 26.1°C
2025-06-11 16:32:57,139 - INFO - Exponential fit: τ = 92.8h, ΔT₀ = 26.2°C, R² = 0.854
2025-06-11 16:32:57,139 - INFO - Cycle 5: ✅ WOULD BE ACCEPTED with relaxed criteria!
2025-06-11 16:32:57,139 - INFO - 
CYCLE 6: 2025-01-21 11:55:00+00:00 to 2025-01-21 13:50:00+00:00
2025-06-11 16:32:57,139 - INFO - Duration: 1.9 hours
2025-06-11 16:32:57,140 - INFO - Temperature rise: 22.6°C → 23.0°C (Δ0.38°C)
2025-06-11 16:32:57,140 - INFO - Valid temperature data points during heating: 8
2025-06-11 16:32:57,141 - INFO - Decay period: 2025-01-21 13:50:00+00:00 to 2025-01-21 14:00:00+00:00 (next heating cycle)
2025-06-11 16:32:57,143 - INFO - Decay duration: 0.2 hours
2025-06-11 16:32:57,143 - INFO - Total decay data points: 1
2025-06-11 16:32:57,143 - INFO - Valid decay data points: 1
2025-06-11 16:32:57,143 - WARNING - Cycle 6: ❌ REJECTED - insufficient_data (1 < 5 points)
2025-06-11 16:32:57,143 - INFO - 
CYCLE 7: 2025-01-21 14:00:00+00:00 to 2025-01-21 14:05:00+00:00
2025-06-11 16:32:57,143 - INFO - Duration: 0.1 hours
2025-06-11 16:32:57,145 - INFO - Temperature rise: 23.1°C → 23.1°C (Δ0.05°C)
2025-06-11 16:32:57,145 - INFO - Valid temperature data points during heating: 2
2025-06-11 16:32:57,145 - INFO - Decay period: 2025-01-21 14:05:00+00:00 to 2025-01-21 22:05:00+00:00 (max 8 hours)
2025-06-11 16:32:57,147 - INFO - Decay duration: 8.0 hours
2025-06-11 16:32:57,147 - INFO - Total decay data points: 31
2025-06-11 16:32:57,147 - INFO - Valid decay data points: 31
2025-06-11 16:32:57,148 - INFO - Decay magnitude: 1.00°C (23.1 → 22.1)
2025-06-11 16:32:57,148 - INFO - ΔT range: 24.0 to 25.1°C
2025-06-11 16:32:57,155 - INFO - Exponential fit: τ = 192.0h, ΔT₀ = 25.1°C, R² = 0.937
2025-06-11 16:32:57,155 - INFO - Cycle 7: ✅ WOULD BE ACCEPTED with relaxed criteria!
2025-06-11 16:32:57,155 - INFO - 
CYCLE 8: 2025-01-22 01:40:00+00:00 to 2025-01-22 05:05:00+00:00
2025-06-11 16:32:57,155 - INFO - Duration: 3.4 hours
2025-06-11 16:32:57,157 - INFO - Temperature rise: 21.7°C → 22.5°C (Δ0.73°C)
2025-06-11 16:32:57,157 - INFO - Valid temperature data points during heating: 14
2025-06-11 16:32:57,157 - INFO - Decay period: 2025-01-22 05:05:00+00:00 to 2025-01-22 13:05:00+00:00 (max 8 hours)
2025-06-11 16:32:57,159 - INFO - Decay duration: 8.0 hours
2025-06-11 16:32:57,159 - INFO - Total decay data points: 30
2025-06-11 16:32:57,159 - INFO - Valid decay data points: 30
2025-06-11 16:32:57,160 - INFO - Decay magnitude: 0.55°C (22.5 → 21.9)
2025-06-11 16:32:57,160 - INFO - ΔT range: 21.0 to 24.8°C
2025-06-11 16:32:57,164 - INFO - Exponential fit: τ = 47.6h, ΔT₀ = 25.1°C, R² = 0.724
2025-06-11 16:32:57,164 - INFO - Cycle 8: ✅ WOULD BE ACCEPTED with relaxed criteria!
2025-06-11 16:32:57,164 - INFO - 
CYCLE 9: 2025-01-22 19:05:00+00:00 to 2025-01-22 22:10:00+00:00
2025-06-11 16:32:57,164 - INFO - Duration: 3.1 hours
2025-06-11 16:32:57,165 - INFO - Temperature rise: 21.5°C → 22.0°C (Δ0.48°C)
2025-06-11 16:32:57,165 - INFO - Valid temperature data points during heating: 12
2025-06-11 16:32:57,166 - INFO - Decay period: 2025-01-22 22:10:00+00:00 to 2025-01-23 06:10:00+00:00 (max 8 hours)
2025-06-11 16:32:57,168 - INFO - Decay duration: 8.0 hours
2025-06-11 16:32:57,168 - INFO - Total decay data points: 1
2025-06-11 16:32:57,168 - INFO - Valid decay data points: 1
2025-06-11 16:32:57,168 - WARNING - Cycle 9: ❌ REJECTED - insufficient_data (1 < 5 points)
2025-06-11 16:32:57,168 - INFO - 
=== SUMMARY ===
2025-06-11 16:32:57,168 - INFO - Total complete heating cycles: 9
2025-06-11 16:32:57,168 - INFO - Analysis used relaxed winter criteria:
2025-06-11 16:32:57,168 - INFO -   - Minimum decay magnitude: 0.3°C (was 1.0°C)
2025-06-11 16:32:57,168 - INFO -   - Minimum R²: 0.2 (was 0.4)
2025-06-11 16:32:57,168 - INFO -   - Extended decay window: 8 hours (was 6 hours)
